<?xml version="1.0" encoding="UTF-8"?>
<!-- Generated by org.testng.reporters.JUnitReportReporter -->
<testsuite skipped="0" hostname="HP" name="sanityTest.SanityTest" tests="1" failures="0" timestamp="21 Nov 2020 12:24:11 GMT" time="0.016" errors="0">
  <testcase name="test1" time="0.016" classname="sanityTest.SanityTest"/>
</testsuite> <!-- sanityTest.SanityTest -->
