<?xml version="1.0" encoding="UTF-8"?>
<!-- Generated by org.testng.reporters.JUnitReportReporter -->
<testsuite skipped="0" hostname="HP" name="sanityTest.RegressionTest" tests="2" failures="0" timestamp="21 Nov 2020 11:49:54 GMT" time="0.040" errors="0">
  <testcase name="regTest2" time="0.007" classname="sanityTest.RegressionTest"/>
  <testcase name="regTest" time="0.033" classname="sanityTest.RegressionTest"/>
</testsuite> <!-- sanityTest.RegressionTest -->
