<?xml version="1.0" encoding="UTF-8"?>
<!-- Generated by org.testng.reporters.JUnitReportReporter -->
<testsuite skipped="0" hostname="HP" name="sanityTest.SanityTest" tests="1" failures="0" timestamp="23 Nov 2020 08:24:46 GMT" time="0.001" errors="0">
  <testcase name="test1" time="0.001" classname="sanityTest.SanityTest"/>
</testsuite> <!-- sanityTest.SanityTest -->
