<?xml version="1.0" encoding="UTF-8"?>
<!-- Generated by org.testng.reporters.JUnitReportReporter -->
<testsuite skipped="0" hostname="HP" name="sanityTest.RegressionTest" tests="2" failures="0" timestamp="23 Nov 2020 08:24:46 GMT" time="0.003" errors="0">
  <testcase name="regTest" time="0.001" classname="sanityTest.RegressionTest"/>
  <testcase name="regTest2" time="0.002" classname="sanityTest.RegressionTest"/>
</testsuite> <!-- sanityTest.RegressionTest -->
